<?xml version="1.0" encoding="UTF-8"?>
<testng-results ignored="0" total="1" passed="1" failed="0" skipped="0">
  <reporter-output>
  </reporter-output>
  <suite started-at="2023-01-29T16:47:41 EET" name="Default suite" finished-at="2023-01-29T16:47:58 EET" duration-ms="17100">
    <groups>
    </groups>
    <test started-at="2023-01-29T16:47:41 EET" name="Default test" finished-at="2023-01-29T16:47:58 EET" duration-ms="17100">
      <class name="testWebsite.myTests">
        <test-method is-config="true" signature="beforeStart()[pri:0, instance:testWebsite.myTests@4f18837a]" started-at="2023-01-29T16:47:41 EET" name="beforeStart" finished-at="2023-01-29T16:47:50 EET" duration-ms="8411" status="PASS">
          <reporter-output>
          </reporter-output>
        </test-method> <!-- beforeStart -->
        <test-method signature="sum_of_balances()[pri:0, instance:testWebsite.myTests@4f18837a]" started-at="2023-01-29T16:47:50 EET" name="sum_of_balances" finished-at="2023-01-29T16:47:58 EET" duration-ms="8616" status="PASS">
          <reporter-output>
          </reporter-output>
        </test-method> <!-- sum_of_balances -->
      </class> <!-- testWebsite.myTests -->
    </test> <!-- Default test -->
  </suite> <!-- Default suite -->
</testng-results>
